26-09-2018 16:18:54	This log contains information about the import schema operation into project 'DB01.CI.CD' on computer 'DESKTOP-O3O43UK' by user 'Shreepad'.
26-09-2018 16:18:54	Import of database schema has started.
26-09-2018 16:19:00	Gathering database credentials
26-09-2018 16:19:00	Gathering database options
26-09-2018 16:19:00	Gathering generic database scoped configuration option
26-09-2018 16:19:00	Gathering users
26-09-2018 16:19:00	Gathering roles
26-09-2018 16:19:00	Gathering application roles
26-09-2018 16:19:00	Gathering role memberships
26-09-2018 16:19:00	Gathering filegroups
26-09-2018 16:19:00	Gathering full-text catalogs
26-09-2018 16:19:00	Gathering assemblies
26-09-2018 16:19:00	Gathering certificates
26-09-2018 16:19:00	Gathering asymmetric keys
26-09-2018 16:19:00	Gathering symmetric keys
26-09-2018 16:19:00	Gathering encrypted symmetric keys
26-09-2018 16:19:00	Gathering schemas
26-09-2018 16:19:00	Gathering XML schema collections
26-09-2018 16:19:00	Gathering user-defined data types
26-09-2018 16:19:00	Gathering user-defined types
26-09-2018 16:19:00	Gathering table types
26-09-2018 16:19:00	Gathering unique keys for table types
26-09-2018 16:19:00	Gathering primary keys for table types
26-09-2018 16:19:00	Gathering indexes for table types
26-09-2018 16:19:00	Gathering check constraints for table types
26-09-2018 16:19:00	Gathering default constraints for table types
26-09-2018 16:19:00	Gathering partition functions
26-09-2018 16:19:00	Gathering partition schemes
26-09-2018 16:19:00	Gathering functions
26-09-2018 16:19:00	Gathering encrypted functions
26-09-2018 16:19:00	Gathering aggregates
26-09-2018 16:19:00	Gathering procedures
26-09-2018 16:19:00	Gathering encrypted procedures
26-09-2018 16:19:00	Gathering tables
26-09-2018 16:19:00	Gathering primary keys
26-09-2018 16:19:00	Gathering unique constraints
26-09-2018 16:19:00	Gathering foreign keys
26-09-2018 16:19:00	Gathering default constraints
26-09-2018 16:19:00	Gathering check constraints
26-09-2018 16:19:00	Gathering views
26-09-2018 16:19:00	Gathering encrypted views
26-09-2018 16:19:00	Gathering indexes
26-09-2018 16:19:00	Gathering statistics
26-09-2018 16:19:00	Gathering full-text index stoplists
26-09-2018 16:19:00	Gathering search property lists
26-09-2018 16:19:00	Gathering search properties
26-09-2018 16:19:00	Gathering full-text indexes
26-09-2018 16:19:00	Gathering column store indexes
26-09-2018 16:19:00	Gathering spatial indexes
26-09-2018 16:19:00	Gathering XML indexes
26-09-2018 16:19:00	Gathering Selective XML indexes
26-09-2018 16:19:03	Gathering encrypted triggers
26-09-2018 16:19:03	Gathering triggers
26-09-2018 16:19:03	Gathering encrypted and clr ddl triggers
26-09-2018 16:19:03	Gathering ddl triggers
26-09-2018 16:19:03	Gathering synonyms
26-09-2018 16:19:03	Gathering defaults
26-09-2018 16:19:03	Gathering data constraint uddt bindings
26-09-2018 16:19:03	Gathering rules
26-09-2018 16:19:03	Gathering data constraint uddt bindings
26-09-2018 16:19:03	Gathering message types
26-09-2018 16:19:03	Gathering queues
26-09-2018 16:19:03	Gathering contracts
26-09-2018 16:19:03	Gathering services
26-09-2018 16:19:03	Gathering event notifications
26-09-2018 16:19:03	Gathering remote service bindings
26-09-2018 16:19:03	Gathering broker priorities
26-09-2018 16:19:03	Gathering signatures
26-09-2018 16:19:03	Gathering data compression options
26-09-2018 16:19:03	Gathering sequence types
26-09-2018 16:19:03	Gathering security policies
26-09-2018 16:19:03	Gather column encryption keys
26-09-2018 16:19:03	Gathering column master keys
26-09-2018 16:19:03	Gathering external data sources
26-09-2018 16:19:03	Gathering external file formats
26-09-2018 16:19:03	Gathering external tables
26-09-2018 16:19:03	Gathering extended properties
26-09-2018 16:19:03	Gathering credentials
26-09-2018 16:19:03	Gathering logins
26-09-2018 16:19:03	Gathering server audits
26-09-2018 16:19:03	Finished importing database.
26-09-2018 16:19:03	A summary of the import was saved to the following location: C:\Users\Shreepad\Documents\GitHub\gitDB.CI.CD\DB01.CI.CD\DB01.CI.CD\Import Schema Logs\DB01.CI.CD_20180926104854.log
26-09-2018 16:19:03	Click Finish to continue...
